[0.633s] Invoking command in '/home/nonaka/ros2_ws/src/robosys2023ros': PYTHONPATH=/home/nonaka/ros2_ws/src/robosys2023ros/build/robosys2023ros/prefix_override:/home/nonaka/ros2_ws/src/robosys2023ros/install/robosys2023ros/lib/python3.10/site-packages:${PYTHONPATH} /usr/bin/python3 setup.py egg_info --egg-base build/robosys2023ros build --build-base /home/nonaka/ros2_ws/src/robosys2023ros/build/robosys2023ros/build install --record /home/nonaka/ros2_ws/src/robosys2023ros/build/robosys2023ros/install.log --single-version-externally-managed
[0.842s] running egg_info
[0.842s] writing build/robosys2023ros/robosys2023ros.egg-info/PKG-INFO
[0.843s] writing dependency_links to build/robosys2023ros/robosys2023ros.egg-info/dependency_links.txt
[0.843s] writing entry points to build/robosys2023ros/robosys2023ros.egg-info/entry_points.txt
[0.843s] writing requirements to build/robosys2023ros/robosys2023ros.egg-info/requires.txt
[0.844s] writing top-level names to build/robosys2023ros/robosys2023ros.egg-info/top_level.txt
[0.848s] reading manifest file 'build/robosys2023ros/robosys2023ros.egg-info/SOURCES.txt'
[0.848s] adding license file 'LICENSE'
[0.849s] writing manifest file 'build/robosys2023ros/robosys2023ros.egg-info/SOURCES.txt'
[0.849s] running build
[0.849s] running build_py
[0.850s] running install
[0.850s] /usr/lib/python3/dist-packages/setuptools/command/install.py:34: SetuptoolsDeprecationWarning: setup.py install is deprecated. Use build and pip and other standards-based tools.
[0.850s]   warnings.warn(
[0.851s] running install_lib
[0.852s] running install_data
[0.852s] running install_egg_info
[0.854s] removing '/home/nonaka/ros2_ws/src/robosys2023ros/install/robosys2023ros/lib/python3.10/site-packages/robosys2023ros-0.0.0-py3.10.egg-info' (and everything under it)
[0.854s] Copying build/robosys2023ros/robosys2023ros.egg-info to /home/nonaka/ros2_ws/src/robosys2023ros/install/robosys2023ros/lib/python3.10/site-packages/robosys2023ros-0.0.0-py3.10.egg-info
[0.855s] running install_scripts
[0.874s] Installing human script to /home/nonaka/ros2_ws/src/robosys2023ros/install/robosys2023ros/lib/robosys2023ros
[0.874s] Installing parrot script to /home/nonaka/ros2_ws/src/robosys2023ros/install/robosys2023ros/lib/robosys2023ros
[0.875s] writing list of installed files to '/home/nonaka/ros2_ws/src/robosys2023ros/build/robosys2023ros/install.log'
[0.895s] Invoked command in '/home/nonaka/ros2_ws/src/robosys2023ros' returned '0': PYTHONPATH=/home/nonaka/ros2_ws/src/robosys2023ros/build/robosys2023ros/prefix_override:/home/nonaka/ros2_ws/src/robosys2023ros/install/robosys2023ros/lib/python3.10/site-packages:${PYTHONPATH} /usr/bin/python3 setup.py egg_info --egg-base build/robosys2023ros build --build-base /home/nonaka/ros2_ws/src/robosys2023ros/build/robosys2023ros/build install --record /home/nonaka/ros2_ws/src/robosys2023ros/build/robosys2023ros/install.log --single-version-externally-managed
