[1.106s] Invoking command in '/home/nonaka/ros2_ws/src/robosys2023ros': PYTHONPATH=/home/nonaka/ros2_ws/src/robosys2023ros/build/robosys2023ros/prefix_override:/home/nonaka/ros2_ws/src/robosys2023ros/install/robosys2023ros/lib/python3.10/site-packages:${PYTHONPATH} /usr/bin/python3 setup.py egg_info --egg-base build/robosys2023ros build --build-base /home/nonaka/ros2_ws/src/robosys2023ros/build/robosys2023ros/build install --record /home/nonaka/ros2_ws/src/robosys2023ros/build/robosys2023ros/install.log --single-version-externally-managed
[1.303s] running egg_info
[1.303s] writing build/robosys2023ros/robosys2023ros.egg-info/PKG-INFO
[1.304s] writing dependency_links to build/robosys2023ros/robosys2023ros.egg-info/dependency_links.txt
[1.304s] writing entry points to build/robosys2023ros/robosys2023ros.egg-info/entry_points.txt
[1.304s] writing requirements to build/robosys2023ros/robosys2023ros.egg-info/requires.txt
[1.304s] writing top-level names to build/robosys2023ros/robosys2023ros.egg-info/top_level.txt
[1.306s] reading manifest file 'build/robosys2023ros/robosys2023ros.egg-info/SOURCES.txt'
[1.306s] adding license file 'LICENSE'
[1.307s] writing manifest file 'build/robosys2023ros/robosys2023ros.egg-info/SOURCES.txt'
[1.307s] running build
[1.307s] running build_py
[1.308s] copying robosys2023ros/human.py -> /home/nonaka/ros2_ws/src/robosys2023ros/build/robosys2023ros/build/lib/robosys2023ros
[1.308s] copying robosys2023ros/parrot.py -> /home/nonaka/ros2_ws/src/robosys2023ros/build/robosys2023ros/build/lib/robosys2023ros
[1.308s] running install
[1.317s] /usr/lib/python3/dist-packages/setuptools/command/install.py:34: SetuptoolsDeprecationWarning: setup.py install is deprecated. Use build and pip and other standards-based tools.
[1.317s]   warnings.warn(
[1.317s] running install_lib
[1.318s] copying /home/nonaka/ros2_ws/src/robosys2023ros/build/robosys2023ros/build/lib/robosys2023ros/human.py -> /home/nonaka/ros2_ws/src/robosys2023ros/install/robosys2023ros/lib/python3.10/site-packages/robosys2023ros
[1.318s] copying /home/nonaka/ros2_ws/src/robosys2023ros/build/robosys2023ros/build/lib/robosys2023ros/parrot.py -> /home/nonaka/ros2_ws/src/robosys2023ros/install/robosys2023ros/lib/python3.10/site-packages/robosys2023ros
[1.319s] byte-compiling /home/nonaka/ros2_ws/src/robosys2023ros/install/robosys2023ros/lib/python3.10/site-packages/robosys2023ros/human.py to human.cpython-310.pyc
[1.320s] byte-compiling /home/nonaka/ros2_ws/src/robosys2023ros/install/robosys2023ros/lib/python3.10/site-packages/robosys2023ros/parrot.py to parrot.cpython-310.pyc
[1.320s] running install_data
[1.321s] running install_egg_info
[1.322s] removing '/home/nonaka/ros2_ws/src/robosys2023ros/install/robosys2023ros/lib/python3.10/site-packages/robosys2023ros-0.0.0-py3.10.egg-info' (and everything under it)
[1.322s] Copying build/robosys2023ros/robosys2023ros.egg-info to /home/nonaka/ros2_ws/src/robosys2023ros/install/robosys2023ros/lib/python3.10/site-packages/robosys2023ros-0.0.0-py3.10.egg-info
[1.323s] running install_scripts
[1.338s] Installing human script to /home/nonaka/ros2_ws/src/robosys2023ros/install/robosys2023ros/lib/robosys2023ros
[1.338s] Installing parrot script to /home/nonaka/ros2_ws/src/robosys2023ros/install/robosys2023ros/lib/robosys2023ros
[1.339s] writing list of installed files to '/home/nonaka/ros2_ws/src/robosys2023ros/build/robosys2023ros/install.log'
[1.363s] Invoked command in '/home/nonaka/ros2_ws/src/robosys2023ros' returned '0': PYTHONPATH=/home/nonaka/ros2_ws/src/robosys2023ros/build/robosys2023ros/prefix_override:/home/nonaka/ros2_ws/src/robosys2023ros/install/robosys2023ros/lib/python3.10/site-packages:${PYTHONPATH} /usr/bin/python3 setup.py egg_info --egg-base build/robosys2023ros build --build-base /home/nonaka/ros2_ws/src/robosys2023ros/build/robosys2023ros/build install --record /home/nonaka/ros2_ws/src/robosys2023ros/build/robosys2023ros/install.log --single-version-externally-managed
