[1.530s] DEBUG:colcon:Command line arguments: ['/usr/bin/colcon', 'build']
[1.530s] DEBUG:colcon:Parsed command line arguments: Namespace(log_base=None, log_level=None, verb_name='build', build_base='build', install_base='install', merge_install=False, symlink_install=False, test_result_base=None, continue_on_error=False, executor='parallel', parallel_workers=6, event_handlers=None, ignore_user_meta=False, metas=['./colcon.meta'], base_paths=['.'], packages_ignore=None, packages_ignore_regex=None, paths=None, packages_up_to=None, packages_up_to_regex=None, packages_above=None, packages_above_and_dependencies=None, packages_above_depth=None, packages_select_by_dep=None, packages_skip_by_dep=None, packages_skip_up_to=None, packages_select_build_failed=False, packages_skip_build_finished=False, packages_select_test_failures=False, packages_skip_test_passed=False, packages_select=None, packages_skip=None, packages_select_regex=None, packages_skip_regex=None, packages_start=None, packages_end=None, allow_overriding=[], cmake_args=None, cmake_target=None, cmake_target_skip_unavailable=False, cmake_clean_cache=False, cmake_clean_first=False, cmake_force_configure=False, ament_cmake_args=None, catkin_cmake_args=None, catkin_skip_building_tests=False, verb_parser=<colcon_defaults.argument_parser.defaults.DefaultArgumentsDecorator object at 0x7fc51239aaa0>, verb_extension=<colcon_core.verb.build.BuildVerb object at 0x7fc51239b6a0>, main=<bound method BuildVerb.main of <colcon_core.verb.build.BuildVerb object at 0x7fc51239b6a0>>)
[1.649s] Level 1:colcon.colcon_core.package_discovery:discover_packages(colcon_meta) check parameters
[1.649s] Level 1:colcon.colcon_core.package_discovery:discover_packages(recursive) check parameters
[1.649s] Level 1:colcon.colcon_core.package_discovery:discover_packages(ignore) check parameters
[1.649s] Level 1:colcon.colcon_core.package_discovery:discover_packages(path) check parameters
[1.649s] Level 1:colcon.colcon_core.package_discovery:discover_packages(colcon_meta) discover
[1.649s] Level 1:colcon.colcon_core.package_discovery:discover_packages(recursive) discover
[1.649s] INFO:colcon.colcon_core.package_discovery:Crawling recursively for packages in '/home/nonaka/ros2_ws/src/robosys2023ros'
[1.650s] Level 1:colcon.colcon_core.package_identification:_identify(.) by extensions ['ignore', 'ignore_ament_install']
[1.650s] Level 1:colcon.colcon_core.package_identification:_identify(.) by extension 'ignore'
[1.650s] Level 1:colcon.colcon_core.package_identification:_identify(.) by extension 'ignore_ament_install'
[1.650s] Level 1:colcon.colcon_core.package_identification:_identify(.) by extensions ['colcon_pkg']
[1.650s] Level 1:colcon.colcon_core.package_identification:_identify(.) by extension 'colcon_pkg'
[1.650s] Level 1:colcon.colcon_core.package_identification:_identify(.) by extensions ['colcon_meta']
[1.650s] Level 1:colcon.colcon_core.package_identification:_identify(.) by extension 'colcon_meta'
[1.650s] Level 1:colcon.colcon_core.package_identification:_identify(.) by extensions ['ros']
[1.650s] Level 1:colcon.colcon_core.package_identification:_identify(.) by extension 'ros'
[1.666s] DEBUG:colcon.colcon_core.package_identification:Package '.' with type 'ros.ament_python' and name 'robosys2023ros'
[1.666s] Level 1:colcon.colcon_core.package_discovery:discover_packages(recursive) using defaults
[1.666s] Level 1:colcon.colcon_core.package_discovery:discover_packages(ignore) discover
[1.667s] Level 1:colcon.colcon_core.package_discovery:discover_packages(ignore) using defaults
[1.667s] Level 1:colcon.colcon_core.package_discovery:discover_packages(path) discover
[1.667s] Level 1:colcon.colcon_core.package_discovery:discover_packages(path) using defaults
[1.788s] Level 1:colcon.colcon_core.package_discovery:discover_packages(prefix_path) check parameters
[1.789s] Level 1:colcon.colcon_core.package_discovery:discover_packages(prefix_path) discover
[1.821s] DEBUG:colcon.colcon_installed_package_information.package_discovery:Found 9 installed packages in /home/nonaka/ros2_ws/install
[1.838s] DEBUG:colcon.colcon_installed_package_information.package_discovery:Found 391 installed packages in /opt/ros/humble
[1.840s] Level 1:colcon.colcon_core.package_discovery:discover_packages(prefix_path) using defaults
[1.993s] Level 5:colcon.colcon_core.verb:set package 'robosys2023ros' build argument 'cmake_args' from command line to 'None'
[1.993s] Level 5:colcon.colcon_core.verb:set package 'robosys2023ros' build argument 'cmake_target' from command line to 'None'
[1.993s] Level 5:colcon.colcon_core.verb:set package 'robosys2023ros' build argument 'cmake_target_skip_unavailable' from command line to 'False'
[1.993s] Level 5:colcon.colcon_core.verb:set package 'robosys2023ros' build argument 'cmake_clean_cache' from command line to 'False'
[1.993s] Level 5:colcon.colcon_core.verb:set package 'robosys2023ros' build argument 'cmake_clean_first' from command line to 'False'
[1.993s] Level 5:colcon.colcon_core.verb:set package 'robosys2023ros' build argument 'cmake_force_configure' from command line to 'False'
[1.993s] Level 5:colcon.colcon_core.verb:set package 'robosys2023ros' build argument 'ament_cmake_args' from command line to 'None'
[1.993s] Level 5:colcon.colcon_core.verb:set package 'robosys2023ros' build argument 'catkin_cmake_args' from command line to 'None'
[1.993s] Level 5:colcon.colcon_core.verb:set package 'robosys2023ros' build argument 'catkin_skip_building_tests' from command line to 'False'
[1.993s] DEBUG:colcon.colcon_core.verb:Building package 'robosys2023ros' with the following arguments: {'ament_cmake_args': None, 'build_base': '/home/nonaka/ros2_ws/src/robosys2023ros/build/robosys2023ros', 'catkin_cmake_args': None, 'catkin_skip_building_tests': False, 'cmake_args': None, 'cmake_clean_cache': False, 'cmake_clean_first': False, 'cmake_force_configure': False, 'cmake_target': None, 'cmake_target_skip_unavailable': False, 'install_base': '/home/nonaka/ros2_ws/src/robosys2023ros/install/robosys2023ros', 'merge_install': False, 'path': '/home/nonaka/ros2_ws/src/robosys2023ros', 'symlink_install': False, 'test_result_base': None}
[2.003s] INFO:colcon.colcon_core.executor:Executing jobs using 'parallel' executor
[2.019s] DEBUG:colcon.colcon_parallel_executor.executor.parallel:run_until_complete
[2.020s] INFO:colcon.colcon_ros.task.ament_python.build:Building ROS package in '/home/nonaka/ros2_ws/src/robosys2023ros' with build type 'ament_python'
[2.020s] Level 1:colcon.colcon_core.shell:create_environment_hook('robosys2023ros', 'ament_prefix_path')
[2.057s] INFO:colcon.colcon_core.plugin_system:Skipping extension 'colcon_core.shell.bat': Not used on non-Windows systems
[2.057s] INFO:colcon.colcon_core.shell:Creating environment hook '/home/nonaka/ros2_ws/src/robosys2023ros/install/robosys2023ros/share/robosys2023ros/hook/ament_prefix_path.ps1'
[2.060s] INFO:colcon.colcon_core.shell:Creating environment descriptor '/home/nonaka/ros2_ws/src/robosys2023ros/install/robosys2023ros/share/robosys2023ros/hook/ament_prefix_path.dsv'
[2.062s] INFO:colcon.colcon_core.shell:Creating environment hook '/home/nonaka/ros2_ws/src/robosys2023ros/install/robosys2023ros/share/robosys2023ros/hook/ament_prefix_path.sh'
[2.079s] INFO:colcon.colcon_core.shell:Skip shell extension 'powershell' for command environment: Not usable outside of PowerShell
[2.079s] DEBUG:colcon.colcon_core.shell:Skip shell extension 'dsv' for command environment
[2.371s] INFO:colcon.colcon_core.task.python.build:Building Python package in '/home/nonaka/ros2_ws/src/robosys2023ros'
[2.385s] INFO:colcon.colcon_core.shell:Skip shell extension 'powershell' for command environment: Not usable outside of PowerShell
[2.385s] DEBUG:colcon.colcon_core.shell:Skip shell extension 'dsv' for command environment
[3.127s] DEBUG:colcon.colcon_core.event_handler.log_command:Invoking command in '/home/nonaka/ros2_ws/src/robosys2023ros': PYTHONPATH=/home/nonaka/ros2_ws/src/robosys2023ros/build/robosys2023ros/prefix_override:/home/nonaka/ros2_ws/src/robosys2023ros/install/robosys2023ros/lib/python3.10/site-packages:${PYTHONPATH} /usr/bin/python3 setup.py egg_info --egg-base build/robosys2023ros build --build-base /home/nonaka/ros2_ws/src/robosys2023ros/build/robosys2023ros/build install --record /home/nonaka/ros2_ws/src/robosys2023ros/build/robosys2023ros/install.log --single-version-externally-managed
[3.383s] DEBUG:colcon.colcon_core.event_handler.log_command:Invoked command in '/home/nonaka/ros2_ws/src/robosys2023ros' returned '0': PYTHONPATH=/home/nonaka/ros2_ws/src/robosys2023ros/build/robosys2023ros/prefix_override:/home/nonaka/ros2_ws/src/robosys2023ros/install/robosys2023ros/lib/python3.10/site-packages:${PYTHONPATH} /usr/bin/python3 setup.py egg_info --egg-base build/robosys2023ros build --build-base /home/nonaka/ros2_ws/src/robosys2023ros/build/robosys2023ros/build install --record /home/nonaka/ros2_ws/src/robosys2023ros/build/robosys2023ros/install.log --single-version-externally-managed
[3.418s] Level 1:colcon.colcon_core.environment:checking '/home/nonaka/ros2_ws/src/robosys2023ros/install/robosys2023ros' for CMake module files
[3.419s] Level 1:colcon.colcon_core.environment:checking '/home/nonaka/ros2_ws/src/robosys2023ros/install/robosys2023ros' for CMake config files
[3.419s] Level 1:colcon.colcon_core.environment:checking '/home/nonaka/ros2_ws/src/robosys2023ros/install/robosys2023ros/lib'
[3.419s] Level 1:colcon.colcon_core.environment:checking '/home/nonaka/ros2_ws/src/robosys2023ros/install/robosys2023ros/bin'
[3.419s] Level 1:colcon.colcon_core.environment:checking '/home/nonaka/ros2_ws/src/robosys2023ros/install/robosys2023ros/lib/pkgconfig/robosys2023ros.pc'
[3.420s] Level 1:colcon.colcon_core.environment:checking '/home/nonaka/ros2_ws/src/robosys2023ros/install/robosys2023ros/lib/python3.10/site-packages'
[3.420s] Level 1:colcon.colcon_core.shell:create_environment_hook('robosys2023ros', 'pythonpath')
[3.433s] INFO:colcon.colcon_core.shell:Creating environment hook '/home/nonaka/ros2_ws/src/robosys2023ros/install/robosys2023ros/share/robosys2023ros/hook/pythonpath.ps1'
[3.433s] INFO:colcon.colcon_core.shell:Creating environment descriptor '/home/nonaka/ros2_ws/src/robosys2023ros/install/robosys2023ros/share/robosys2023ros/hook/pythonpath.dsv'
[3.433s] INFO:colcon.colcon_core.shell:Creating environment hook '/home/nonaka/ros2_ws/src/robosys2023ros/install/robosys2023ros/share/robosys2023ros/hook/pythonpath.sh'
[3.434s] Level 1:colcon.colcon_core.environment:checking '/home/nonaka/ros2_ws/src/robosys2023ros/install/robosys2023ros/bin'
[3.434s] Level 1:colcon.colcon_core.environment:create_environment_scripts_only(robosys2023ros)
[3.444s] INFO:colcon.colcon_core.shell:Creating package script '/home/nonaka/ros2_ws/src/robosys2023ros/install/robosys2023ros/share/robosys2023ros/package.ps1'
[3.446s] INFO:colcon.colcon_core.shell:Creating package descriptor '/home/nonaka/ros2_ws/src/robosys2023ros/install/robosys2023ros/share/robosys2023ros/package.dsv'
[3.448s] INFO:colcon.colcon_core.shell:Creating package script '/home/nonaka/ros2_ws/src/robosys2023ros/install/robosys2023ros/share/robosys2023ros/package.sh'
[3.449s] INFO:colcon.colcon_core.shell:Creating package script '/home/nonaka/ros2_ws/src/robosys2023ros/install/robosys2023ros/share/robosys2023ros/package.bash'
[3.452s] INFO:colcon.colcon_core.shell:Creating package script '/home/nonaka/ros2_ws/src/robosys2023ros/install/robosys2023ros/share/robosys2023ros/package.zsh'
[3.455s] Level 1:colcon.colcon_core.environment:create_file_with_runtime_dependencies(/home/nonaka/ros2_ws/src/robosys2023ros/install/robosys2023ros/share/colcon-core/packages/robosys2023ros)
[3.456s] DEBUG:colcon.colcon_parallel_executor.executor.parallel:closing loop
[3.457s] DEBUG:colcon.colcon_parallel_executor.executor.parallel:loop closed
[3.457s] DEBUG:colcon.colcon_parallel_executor.executor.parallel:run_until_complete finished with '0'
[3.458s] DEBUG:colcon.colcon_core.event_reactor:joining thread
[3.484s] INFO:colcon.colcon_core.plugin_system:Skipping extension 'colcon_notification.desktop_notification.terminal_notifier': Not used on non-Darwin systems
[3.484s] INFO:colcon.colcon_core.plugin_system:Skipping extension 'colcon_notification.desktop_notification.win32': Not used on non-Windows systems
[3.484s] INFO:colcon.colcon_notification.desktop_notification:Sending desktop notification using 'notify2'
[3.505s] DEBUG:colcon.colcon_core.event_reactor:joined thread
[3.523s] INFO:colcon.colcon_core.shell:Creating prefix script '/home/nonaka/ros2_ws/src/robosys2023ros/install/local_setup.ps1'
[3.527s] INFO:colcon.colcon_core.shell:Creating prefix util module '/home/nonaka/ros2_ws/src/robosys2023ros/install/_local_setup_util_ps1.py'
[3.530s] INFO:colcon.colcon_core.shell:Creating prefix chain script '/home/nonaka/ros2_ws/src/robosys2023ros/install/setup.ps1'
[3.548s] INFO:colcon.colcon_core.shell:Creating prefix script '/home/nonaka/ros2_ws/src/robosys2023ros/install/local_setup.sh'
[3.550s] INFO:colcon.colcon_core.shell:Creating prefix util module '/home/nonaka/ros2_ws/src/robosys2023ros/install/_local_setup_util_sh.py'
[3.551s] INFO:colcon.colcon_core.shell:Creating prefix chain script '/home/nonaka/ros2_ws/src/robosys2023ros/install/setup.sh'
[3.568s] INFO:colcon.colcon_core.shell:Creating prefix script '/home/nonaka/ros2_ws/src/robosys2023ros/install/local_setup.bash'
[3.571s] INFO:colcon.colcon_core.shell:Creating prefix chain script '/home/nonaka/ros2_ws/src/robosys2023ros/install/setup.bash'
[3.588s] INFO:colcon.colcon_core.shell:Creating prefix script '/home/nonaka/ros2_ws/src/robosys2023ros/install/local_setup.zsh'
[3.590s] INFO:colcon.colcon_core.shell:Creating prefix chain script '/home/nonaka/ros2_ws/src/robosys2023ros/install/setup.zsh'
