running egg_info
creating build/robosys2023ros/robosys2023ros.egg-info
writing build/robosys2023ros/robosys2023ros.egg-info/PKG-INFO
writing dependency_links to build/robosys2023ros/robosys2023ros.egg-info/dependency_links.txt
writing entry points to build/robosys2023ros/robosys2023ros.egg-info/entry_points.txt
writing requirements to build/robosys2023ros/robosys2023ros.egg-info/requires.txt
writing top-level names to build/robosys2023ros/robosys2023ros.egg-info/top_level.txt
writing manifest file 'build/robosys2023ros/robosys2023ros.egg-info/SOURCES.txt'
reading manifest file 'build/robosys2023ros/robosys2023ros.egg-info/SOURCES.txt'
adding license file 'LICENSE'
writing manifest file 'build/robosys2023ros/robosys2023ros.egg-info/SOURCES.txt'
running build
running build_py
creating /home/nonaka/ros2_ws/src/robosys2023ros/build/robosys2023ros/build
creating /home/nonaka/ros2_ws/src/robosys2023ros/build/robosys2023ros/build/lib
creating /home/nonaka/ros2_ws/src/robosys2023ros/build/robosys2023ros/build/lib/robosys2023ros
copying robosys2023ros/human.py -> /home/nonaka/ros2_ws/src/robosys2023ros/build/robosys2023ros/build/lib/robosys2023ros
copying robosys2023ros/parrot.py -> /home/nonaka/ros2_ws/src/robosys2023ros/build/robosys2023ros/build/lib/robosys2023ros
copying robosys2023ros/__init__.py -> /home/nonaka/ros2_ws/src/robosys2023ros/build/robosys2023ros/build/lib/robosys2023ros
running install
running install_lib
creating /home/nonaka/ros2_ws/src/robosys2023ros/install/robosys2023ros/lib/python3.10/site-packages/robosys2023ros
copying /home/nonaka/ros2_ws/src/robosys2023ros/build/robosys2023ros/build/lib/robosys2023ros/human.py -> /home/nonaka/ros2_ws/src/robosys2023ros/install/robosys2023ros/lib/python3.10/site-packages/robosys2023ros
copying /home/nonaka/ros2_ws/src/robosys2023ros/build/robosys2023ros/build/lib/robosys2023ros/parrot.py -> /home/nonaka/ros2_ws/src/robosys2023ros/install/robosys2023ros/lib/python3.10/site-packages/robosys2023ros
copying /home/nonaka/ros2_ws/src/robosys2023ros/build/robosys2023ros/build/lib/robosys2023ros/__init__.py -> /home/nonaka/ros2_ws/src/robosys2023ros/install/robosys2023ros/lib/python3.10/site-packages/robosys2023ros
byte-compiling /home/nonaka/ros2_ws/src/robosys2023ros/install/robosys2023ros/lib/python3.10/site-packages/robosys2023ros/human.py to human.cpython-310.pyc
byte-compiling /home/nonaka/ros2_ws/src/robosys2023ros/install/robosys2023ros/lib/python3.10/site-packages/robosys2023ros/parrot.py to parrot.cpython-310.pyc
byte-compiling /home/nonaka/ros2_ws/src/robosys2023ros/install/robosys2023ros/lib/python3.10/site-packages/robosys2023ros/__init__.py to __init__.cpython-310.pyc
running install_data
creating /home/nonaka/ros2_ws/src/robosys2023ros/install/robosys2023ros/share/ament_index
creating /home/nonaka/ros2_ws/src/robosys2023ros/install/robosys2023ros/share/ament_index/resource_index
creating /home/nonaka/ros2_ws/src/robosys2023ros/install/robosys2023ros/share/ament_index/resource_index/packages
copying resource/robosys2023ros -> /home/nonaka/ros2_ws/src/robosys2023ros/install/robosys2023ros/share/ament_index/resource_index/packages
copying package.xml -> /home/nonaka/ros2_ws/src/robosys2023ros/install/robosys2023ros/share/robosys2023ros
running install_egg_info
Copying build/robosys2023ros/robosys2023ros.egg-info to /home/nonaka/ros2_ws/src/robosys2023ros/install/robosys2023ros/lib/python3.10/site-packages/robosys2023ros-0.0.0-py3.10.egg-info
running install_scripts
Installing human script to /home/nonaka/ros2_ws/src/robosys2023ros/install/robosys2023ros/lib/robosys2023ros
Installing parrot script to /home/nonaka/ros2_ws/src/robosys2023ros/install/robosys2023ros/lib/robosys2023ros
writing list of installed files to '/home/nonaka/ros2_ws/src/robosys2023ros/build/robosys2023ros/install.log'
