[1.593s] Invoking command in '/home/nonaka/ros2_ws/src/robosys2023ros': PYTHONPATH=/home/nonaka/ros2_ws/src/robosys2023ros/build/robosys2023ros/prefix_override:/home/nonaka/ros2_ws/src/robosys2023ros/install/robosys2023ros/lib/python3.10/site-packages:${PYTHONPATH} /usr/bin/python3 setup.py egg_info --egg-base build/robosys2023ros build --build-base /home/nonaka/ros2_ws/src/robosys2023ros/build/robosys2023ros/build install --record /home/nonaka/ros2_ws/src/robosys2023ros/build/robosys2023ros/install.log --single-version-externally-managed
[1.921s] running egg_info
[1.922s] creating build/robosys2023ros/robosys2023ros.egg-info
[1.922s] writing build/robosys2023ros/robosys2023ros.egg-info/PKG-INFO
[1.923s] writing dependency_links to build/robosys2023ros/robosys2023ros.egg-info/dependency_links.txt
[1.923s] writing entry points to build/robosys2023ros/robosys2023ros.egg-info/entry_points.txt
[1.924s] writing requirements to build/robosys2023ros/robosys2023ros.egg-info/requires.txt
[1.924s] writing top-level names to build/robosys2023ros/robosys2023ros.egg-info/top_level.txt
[1.925s] writing manifest file 'build/robosys2023ros/robosys2023ros.egg-info/SOURCES.txt'
[1.930s] reading manifest file 'build/robosys2023ros/robosys2023ros.egg-info/SOURCES.txt'
[1.930s] adding license file 'LICENSE'
[1.932s] writing manifest file 'build/robosys2023ros/robosys2023ros.egg-info/SOURCES.txt'
[1.932s] running build
[1.933s] running build_py
[1.933s] creating /home/nonaka/ros2_ws/src/robosys2023ros/build/robosys2023ros/build
[1.933s] creating /home/nonaka/ros2_ws/src/robosys2023ros/build/robosys2023ros/build/lib
[1.934s] creating /home/nonaka/ros2_ws/src/robosys2023ros/build/robosys2023ros/build/lib/robosys2023ros
[1.934s] copying robosys2023ros/human.py -> /home/nonaka/ros2_ws/src/robosys2023ros/build/robosys2023ros/build/lib/robosys2023ros
[1.934s] copying robosys2023ros/parrot.py -> /home/nonaka/ros2_ws/src/robosys2023ros/build/robosys2023ros/build/lib/robosys2023ros
[1.935s] copying robosys2023ros/__init__.py -> /home/nonaka/ros2_ws/src/robosys2023ros/build/robosys2023ros/build/lib/robosys2023ros
[1.935s] running install
[1.936s] /usr/lib/python3/dist-packages/setuptools/command/install.py:34: SetuptoolsDeprecationWarning: setup.py install is deprecated. Use build and pip and other standards-based tools.
[1.936s]   warnings.warn(
[1.936s] running install_lib
[1.938s] creating /home/nonaka/ros2_ws/src/robosys2023ros/install/robosys2023ros/lib/python3.10/site-packages/robosys2023ros
[1.938s] copying /home/nonaka/ros2_ws/src/robosys2023ros/build/robosys2023ros/build/lib/robosys2023ros/human.py -> /home/nonaka/ros2_ws/src/robosys2023ros/install/robosys2023ros/lib/python3.10/site-packages/robosys2023ros
[1.939s] copying /home/nonaka/ros2_ws/src/robosys2023ros/build/robosys2023ros/build/lib/robosys2023ros/parrot.py -> /home/nonaka/ros2_ws/src/robosys2023ros/install/robosys2023ros/lib/python3.10/site-packages/robosys2023ros
[1.940s] copying /home/nonaka/ros2_ws/src/robosys2023ros/build/robosys2023ros/build/lib/robosys2023ros/__init__.py -> /home/nonaka/ros2_ws/src/robosys2023ros/install/robosys2023ros/lib/python3.10/site-packages/robosys2023ros
[1.941s] byte-compiling /home/nonaka/ros2_ws/src/robosys2023ros/install/robosys2023ros/lib/python3.10/site-packages/robosys2023ros/human.py to human.cpython-310.pyc
[1.943s] byte-compiling /home/nonaka/ros2_ws/src/robosys2023ros/install/robosys2023ros/lib/python3.10/site-packages/robosys2023ros/parrot.py to parrot.cpython-310.pyc
[1.945s] byte-compiling /home/nonaka/ros2_ws/src/robosys2023ros/install/robosys2023ros/lib/python3.10/site-packages/robosys2023ros/__init__.py to __init__.cpython-310.pyc
[1.946s] running install_data
[1.947s] creating /home/nonaka/ros2_ws/src/robosys2023ros/install/robosys2023ros/share/ament_index
[1.948s] creating /home/nonaka/ros2_ws/src/robosys2023ros/install/robosys2023ros/share/ament_index/resource_index
[1.948s] creating /home/nonaka/ros2_ws/src/robosys2023ros/install/robosys2023ros/share/ament_index/resource_index/packages
[1.948s] copying resource/robosys2023ros -> /home/nonaka/ros2_ws/src/robosys2023ros/install/robosys2023ros/share/ament_index/resource_index/packages
[1.948s] copying package.xml -> /home/nonaka/ros2_ws/src/robosys2023ros/install/robosys2023ros/share/robosys2023ros
[1.948s] running install_egg_info
[1.951s] Copying build/robosys2023ros/robosys2023ros.egg-info to /home/nonaka/ros2_ws/src/robosys2023ros/install/robosys2023ros/lib/python3.10/site-packages/robosys2023ros-0.0.0-py3.10.egg-info
[1.957s] running install_scripts
[1.998s] Installing human script to /home/nonaka/ros2_ws/src/robosys2023ros/install/robosys2023ros/lib/robosys2023ros
[1.998s] Installing parrot script to /home/nonaka/ros2_ws/src/robosys2023ros/install/robosys2023ros/lib/robosys2023ros
[1.998s] writing list of installed files to '/home/nonaka/ros2_ws/src/robosys2023ros/build/robosys2023ros/install.log'
[2.044s] Invoked command in '/home/nonaka/ros2_ws/src/robosys2023ros' returned '0': PYTHONPATH=/home/nonaka/ros2_ws/src/robosys2023ros/build/robosys2023ros/prefix_override:/home/nonaka/ros2_ws/src/robosys2023ros/install/robosys2023ros/lib/python3.10/site-packages:${PYTHONPATH} /usr/bin/python3 setup.py egg_info --egg-base build/robosys2023ros build --build-base /home/nonaka/ros2_ws/src/robosys2023ros/build/robosys2023ros/build install --record /home/nonaka/ros2_ws/src/robosys2023ros/build/robosys2023ros/install.log --single-version-externally-managed
