running egg_info
writing build/robosys2023ros/robosys2023ros.egg-info/PKG-INFO
writing dependency_links to build/robosys2023ros/robosys2023ros.egg-info/dependency_links.txt
writing entry points to build/robosys2023ros/robosys2023ros.egg-info/entry_points.txt
writing requirements to build/robosys2023ros/robosys2023ros.egg-info/requires.txt
writing top-level names to build/robosys2023ros/robosys2023ros.egg-info/top_level.txt
reading manifest file 'build/robosys2023ros/robosys2023ros.egg-info/SOURCES.txt'
adding license file 'LICENSE'
writing manifest file 'build/robosys2023ros/robosys2023ros.egg-info/SOURCES.txt'
running build
running build_py
/usr/lib/python3/dist-packages/setuptools/command/install.py:34: SetuptoolsDeprecationWarning: setup.py install is deprecated. Use build and pip and other standards-based tools.
  warnings.warn(
running install
running install_lib
running install_data
running install_egg_info
removing '/home/nonaka/ros2_ws/src/robosys2023ros/install/robosys2023ros/lib/python3.10/site-packages/robosys2023ros-0.0.0-py3.10.egg-info' (and everything under it)
Copying build/robosys2023ros/robosys2023ros.egg-info to /home/nonaka/ros2_ws/src/robosys2023ros/install/robosys2023ros/lib/python3.10/site-packages/robosys2023ros-0.0.0-py3.10.egg-info
running install_scripts
Installing human script to /home/nonaka/ros2_ws/src/robosys2023ros/install/robosys2023ros/lib/robosys2023ros
Installing parrot script to /home/nonaka/ros2_ws/src/robosys2023ros/install/robosys2023ros/lib/robosys2023ros
writing list of installed files to '/home/nonaka/ros2_ws/src/robosys2023ros/build/robosys2023ros/install.log'
